<?xml version="1.0" encoding="UTF-8"?>
<!-- Generated by org.testng.reporters.JUnitXMLReporter -->
<testsuite ignored="0" hostname="Raihans-iMac.local" failures="0" tests="4" name="selenium_Grid" time="116.996" errors="0" timestamp="2020-12-06T14:54:08 EST">
  <testcase classname="selenium_grid.SeleniumGrid_Chrome2" name="RunInChrome1" time="84.375"/>
  <testcase classname="selenium_grid.SeleniumGrid_Firefox" name="RunInFirefox" time="90.14"/>
  <testcase classname="selenium_grid.SeleniumGrid_Chrome3" name="RunInChrome1" time="103.359"/>
  <testcase classname="selenium_grid.SeleniumGrid_Chrome1" name="RunInChrome" time="116.955"/>
</testsuite> <!-- selenium_Grid -->
