<?xml version="1.0" encoding="UTF-8"?>
<testsuite xmlns:xsi="http://www.w3.org/2001/XMLSchema-instance" xsi:noNamespaceSchemaLocation="https://maven.apache.org/surefire/maven-surefire-plugin/xsd/surefire-test-report-3.0.xsd" version="3.0" name="TestSuite" time="123.399" tests="4" errors="0" skipped="0" failures="0">
  <properties>
[...]
</properties>
  <testcase name="RunInChrome1" classname="selenium_grid.SeleniumGrid_Chrome2" time="85.363">
    <system-out><![CDATA[14:52:16.446 [TestNG-test=selenium_Grid-2] &amp#27;[0mINFO  utilities.TestEnvironment - execute test in local&amp#27;[m
14:52:16.446 [TestNG-test=selenium_Grid-4] &amp#27;[0mINFO  utilities.TestEnvironment - execute test in local&amp#27;[m
14:52:16.446 [TestNG-test=selenium_Grid-1] &amp#27;[0mINFO  utilities.TestEnvironment - execute test in local&amp#27;[m
14:52:16.446 [TestNG-test=selenium_Grid-3] &amp#27;[0mINFO  utilities.TestEnvironment - execute test in local&amp#27;[m
14:53:15.046 [TestNG-test=selenium_Grid-1] &amp#27;[0mINFO  utilities.TestEnvironment - execute test in local&amp#27;[m
Google
]]></system-out>
    <system-err><![CDATA[[TestNG-test=selenium_Grid-4] INFO io.github.bonigarcia.wdm.WebDriverManager - Using chromedriver 87.0.4280.88 (resolved driver for Chrome 87)
[TestNG-test=selenium_Grid-4] INFO io.github.bonigarcia.wdm.WebDriverManager - Exporting webdriver.chrome.driver as /Users/rahmanfamily/.cache/selenium/chromedriver/mac64/87.0.4280.88/chromedriver
[TestNG-test=selenium_Grid-1] INFO io.github.bonigarcia.wdm.WebDriverManager - Using chromedriver 87.0.4280.88 (resolved driver for Chrome 87)
[TestNG-test=selenium_Grid-1] INFO io.github.bonigarcia.wdm.WebDriverManager - Exporting webdriver.chrome.driver as /Users/rahmanfamily/.cache/selenium/chromedriver/mac64/87.0.4280.88/chromedriver
[TestNG-test=selenium_Grid-2] INFO io.github.bonigarcia.wdm.WebDriverManager - Using chromedriver 87.0.4280.88 (resolved driver for Chrome 87)
[TestNG-test=selenium_Grid-2] INFO io.github.bonigarcia.wdm.WebDriverManager - Exporting webdriver.chrome.driver as /Users/rahmanfamily/.cache/selenium/chromedriver/mac64/87.0.4280.88/chromedriver
SSSttatarartrtitinniggn  CgC hhCrrhoromomemDeerDDiriSrvtvieaverer rr 8t 87i87.n7.0g.0. 0.4C.24h842r802o08m..08e.8D8 r8(i8 v9(e8re9 2e832783.080a0.3ae4332e683c063.c84364846 b4(b5859ddedd211333080202a33344e99b3b161c33388422655444b99522990ddd1-3r0e23f4s9/bb1r3a8n2c5h4-9h2e9a0dd-s/8482 8(08@9{er2e38f0sa/3eb3r6acn3c4h6-4hbea5ddds1/34022803@4{9#b1173618}2)5 on4 p9o2rt9 01d7-0r4e6f
sO/nlbyr alnoccha-lhe acdosn/n4e2c8t0i@o{#n1s7 6a1r}e)  aollno pwoedr.t
Pl 7e5a7s4e
O nsleey  hltotcpasl: /c/ochromedr0ivde-rr.chromium.org/security-considerati#176n1}n)e cotni opnosr ta r4e0 0a0l0l
oOwneldy. e
lfPoslc/eabalrsae n ccsohe-nnheecatdiso/n4s2 8a0r@e{ #a1l7l6o1w}e)d .o
onPn lpseoa rsftoe  r1s 7es0eu3 1gh
gtOetnsltpysi :ol/no/scc aholrn o cmkoeendenrpeicivtnegir o.Cnchshr roaomrmeeiD uramil.vloeorrwg e/ssaefceu.r
itye https://chromedriver.chromium.org/sed-cuc.r
oiPntlsyei-adcseoenr sasitedieeo rnhastti ofnosr  fsourg gseusgtgieosntsi oonns  koene pkienegp iCnhgr oCmehDrroimveeDrri vsearf es.a
fe.
tps://chromedriver.chromium.org/security-considerations for suggestions on keeping ChromeDriver safe.
ChromeDriverC hwromeDraisve rs twaarst estda rstuecdc essuscfcuelslys.f
ullyC.h
romeDriver was started successfully.
ChromeDriver was started successfully.
Dec 06, 2020 2:53:11 PM org.openqa.selenium.remote.ProtocolHandshake createSession
INFO: Detected dialect: W3C
Dec 06, 2020 2:53:11 PM org.openqa.selenium.remote.ProtocolHandshake createSession
INFO: Detected dialect: W3C
Dec 06, 2020 2:53:11 PM org.openqa.selenium.remote.ProtocolHandshake createSession
INFO: Detected dialect: W3C
Dec 06, 2020 2:53:11 PM org.openqa.selenium.remote.ProtocolHandshake createSession
INFO: Detected dialect: W3C
Starting ChromeDriver 87.0.4280.88 (89e2380a3e36c3464b5dd1302349b1382549290d-refs/branch-heads/4280@{#1761}) on port 6332
Only local connections are allowed.
Please see https://chromedriver.chromium.org/security-considerations for suggestions on keeping ChromeDriver safe.
ChromeDriver was started successfully.
]]></system-err>
  </testcase>
  <testcase name="RunInFirefox" classname="selenium_grid.SeleniumGrid_Firefox" time="90.139">
    <system-out><![CDATA[Amazon.com: Online Shopping for Electronics, Apparel, Computers, Books, DVDs & more
]]></system-out>
  </testcase>
  <testcase name="RunInChrome1" classname="selenium_grid.SeleniumGrid_Chrome3" time="103.357">
    <system-out><![CDATA[Facebook - Log In or Sign Up
]]></system-out>
  </testcase>
  <testcase name="RunInChrome" classname="selenium_grid.SeleniumGrid_Chrome1" time="116.955">
    <system-out><![CDATA[Mortgage Calculator
]]></system-out>
    <system-err><![CDATA[Dec 06, 2020 2:53:59 PM org.openqa.selenium.remote.ProtocolHandshake createSession
INFO: Detected dialect: W3C
]]></system-err>
  </testcase>
</testsuite>