<?xml version="1.0" encoding="UTF-8"?>
<testsuite xmlns:xsi="http://www.w3.org/2001/XMLSchema-instance" xsi:noNamespaceSchemaLocation="https://maven.apache.org/surefire/maven-surefire-plugin/xsd/surefire-test-report-3.0.xsd" version="3.0" name="TestSuite" time="100.602" tests="3" errors="0" skipped="0" failures="0">
  <properties>
[...]
</properties>
  <testcase name="RunInChrome1" classname="selenium_grid.SeleniumGrid_Chrome2" time="80.997">
    <system-out><![CDATA[11:35:10.100 [TestNG-test=Test 1-1] &amp#27;[0mINFO  utilities.TestEnvironment - execute test in local&amp#27;[m
11:35:10.100 [TestNG-test=Test 1-2] &amp#27;[0mINFO  utilities.TestEnvironment - execute test in local&amp#27;[m
Google
]]></system-out>
    <system-err><![CDATA[SLF4J: Failed to load class "org.slf4j.impl.StaticLoggerBinder".
SLF4J: Defaulting to no-operation (NOP) logger implementation
SLF4J: See http://www.slf4j.org/codes.html#StaticLoggerBinder for further details.
SSttaarrttiinngg  CChhrroommeeDDrriivveerr  8877..0.042.8402.8200. 2(0c 9(9ce9891e6831163f1afaa0ab02ba24a4484e86e5658c80cd0bddb8d381311f1bf0b40d4ddbddb-dr-erfesf/sb/rbarnacnchh--heheaaddss//44228800@@{{##35355}) on po5}) on portr t1 3405050
5O
nlyO nlly local connections are oalclaolw edc.o
nPnleecatsionse  arsee ea lhltowtepds.:
P/l/ceharsoem esderei vhetrt.pcsh:r/o/mcihurmo.moerdgr/isveecr.ucrhirtoym-icuonms.iodregr/asteicounrsi tfyo-rc osnusgigdeesrtaiotinosn so nf okre espuigngge sCthiroonms on keeping ChromeDriver safe.
eDriver safe.
ChCrhormoemDerDirvievr erw asw asst staarrtetde ds uscuccecsessfsuflullyl.y
.
Nov 26, 2020 11:36:00 AM org.openqa.selenium.remote.ProtocolHandshake createSession
INFO: Detected dialect: W3C
Nov 26, 2020 11:36:00 AM org.openqa.selenium.remote.ProtocolHandshake createSession
INFO: Detected dialect: W3C
]]></system-err>
  </testcase>
  <testcase name="RunInChrome" classname="selenium_grid.SeleniumGrid_Chrome1" time="2.936">
    <system-out><![CDATA[11:36:22.772 [TestNG-test=Test 1-2] &amp#27;[0mINFO  utilities.TestEnvironment - execute test in local&amp#27;[m
Mortgage Calculator
]]></system-out>
    <system-err><![CDATA[Starting ChromeDriver 87.0.4280.20 (c99e81631faa0b2a448e658c0dbd8311fb04ddbd-refs/branch-heads/4280@{#355}) on port 4761
Only local connections are allowed.
Please see https://chromedriver.chromium.org/security-considerations for suggestions on keeping ChromeDriver safe.
ChromeDriver was started successfully.
]]></system-err>
  </testcase>
  <testcase name="RunInFirefox" classname="selenium_grid.SeleniumGrid_Firefox" time="13.475">
    <system-out><![CDATA[Amazon.com: Online Shopping for Electronics, Apparel, Computers, Books, DVDs & more
]]></system-out>
    <system-err><![CDATA[Nov 26, 2020 11:36:33 AM org.openqa.selenium.remote.ProtocolHandshake createSession
INFO: Detected dialect: W3C
]]></system-err>
  </testcase>
</testsuite>