<?xml version="1.0" encoding="UTF-8"?>
<!-- Generated by org.testng.reporters.JUnitXMLReporter -->
<testsuite ignored="0" hostname="Raihans-iMac.local" failures="0" tests="3" name="Test 1" time="94.524" errors="0" timestamp="2020-11-26T11:36:41 EST">
  <testcase classname="selenium_grid.SeleniumGrid_Chrome2" name="RunInChrome1" time="80.824"/>
  <testcase classname="selenium_grid.SeleniumGrid_Chrome1" name="RunInChrome" time="83.941"/>
  <testcase classname="selenium_grid.SeleniumGrid_Firefox" name="RunInFirefox" time="13.491"/>
</testsuite> <!-- Test 1 -->
